<?xml version="1.0" encoding="UTF-8"?>
<!-- Generated by org.testng.reporters.JUnitReportReporter -->
<testsuite skipped="0" hostname="khadija" name="org.testngexample.TestNGExample_03" tests="1" failures="0" timestamp="2023-01-21T15:28:13 IST" time="0.002" errors="0">
  <testcase name="Test" time="0.002" classname="org.testngexample.TestNGExample_03"/>
  <system-out/>
</testsuite> <!-- org.testngexample.TestNGExample_03 -->
