<?xml version="1.0" encoding="UTF-8"?>
<!-- Generated by org.testng.reporters.JUnitReportReporter -->
<testsuite skipped="0" hostname="khadija" name="org.testngexample.TestNGPriorityExample2" tests="3" failures="0" timestamp="2023-01-21T15:28:13 IST" time="0.001" errors="0">
  <testcase name="add" time="0.000" classname="org.testngexample.TestNGPriorityExample2"/>
  <system-out/>
  <testcase name="getShow1" time="0.001" classname="org.testngexample.TestNGPriorityExample2"/>
  <system-out/>
  <testcase name="getShow2" time="0.000" classname="org.testngexample.TestNGPriorityExample2"/>
  <system-out/>
</testsuite> <!-- org.testngexample.TestNGPriorityExample2 -->
