<?xml version="1.0" encoding="UTF-8"?>
<!-- Generated by org.testng.reporters.JUnitReportReporter -->
<testsuite skipped="0" hostname="khadija" name="org.testngexample.TestNgReportExample" tests="2" failures="0" timestamp="2023-01-23T07:11:31 IST" time="0.008" errors="0">
  <testcase name="Test1" time="0.002" classname="org.testngexample.TestNgReportExample"/>
  <system-out/>
  <testcase name="Test" time="0.006" classname="org.testngexample.TestNgReportExample"/>
  <system-out/>
</testsuite> <!-- org.testngexample.TestNgReportExample -->
